0 info it worked if it ends with ok
1 verbose cli [ 'C:\\Users\\Administrator\\AppData\\Local\\.meteor\\packages\\meteor-tool\\1.4.2\\mt-os.windows.x86_32\\dev_bundle\\bin\\node.exe',
1 verbose cli   'C:\\Users\\Administrator\\AppData\\Local\\.meteor\\packages\\meteor-tool\\1.4.2\\mt-os.windows.x86_32\\dev_bundle\\lib\\node_modules\\npm\\bin\\npm-cli.js',
1 verbose cli   'install',
1 verbose cli   '--save',
1 verbose cli   'bcrypt' ]
2 info using npm@3.10.9
3 info using node@v4.6.1
4 silly loadCurrentTree Starting
5 silly install loadCurrentTree
6 silly install readLocalPackageData
7 silly fetchPackageMetaData bcrypt
8 silly fetchNamedPackageData bcrypt
9 silly mapToRegistry name bcrypt
10 silly mapToRegistry using default registry
11 silly mapToRegistry registry https://registry.npmjs.org/
12 silly mapToRegistry data Result {
12 silly mapToRegistry   raw: 'bcrypt',
12 silly mapToRegistry   scope: null,
12 silly mapToRegistry   escapedName: 'bcrypt',
12 silly mapToRegistry   name: 'bcrypt',
12 silly mapToRegistry   rawSpec: '',
12 silly mapToRegistry   spec: 'latest',
12 silly mapToRegistry   type: 'tag' }
13 silly mapToRegistry uri https://registry.npmjs.org/bcrypt
14 verbose request uri https://registry.npmjs.org/bcrypt
15 verbose request no auth needed
16 info attempt registry request try #1 at 12:00:39 AM
17 verbose request id f662cff0ff284f25
18 verbose etag W/"5825b7ea-14213"
19 verbose lastModified Fri, 11 Nov 2016 12:22:02 GMT
20 http request GET https://registry.npmjs.org/bcrypt
21 http 304 https://registry.npmjs.org/bcrypt
22 verbose headers { date: 'Mon, 14 Nov 2016 08:01:40 GMT',
22 verbose headers   via: '1.1 varnish',
22 verbose headers   'cache-control': 'max-age=300',
22 verbose headers   etag: 'W/"5825b7ea-14213"',
22 verbose headers   age: '36',
22 verbose headers   connection: 'close',
22 verbose headers   'x-served-by': 'cache-cdg8730-CDG',
22 verbose headers   'x-cache': 'HIT',
22 verbose headers   'x-cache-hits': '1',
22 verbose headers   'x-timer': 'S1479110500.897743,VS0,VE0',
22 verbose headers   vary: 'Accept-Encoding' }
23 silly get cb [ 304,
23 silly get   { date: 'Mon, 14 Nov 2016 08:01:40 GMT',
23 silly get     via: '1.1 varnish',
23 silly get     'cache-control': 'max-age=300',
23 silly get     etag: 'W/"5825b7ea-14213"',
23 silly get     age: '36',
23 silly get     connection: 'close',
23 silly get     'x-served-by': 'cache-cdg8730-CDG',
23 silly get     'x-cache': 'HIT',
23 silly get     'x-cache-hits': '1',
23 silly get     'x-timer': 'S1479110500.897743,VS0,VE0',
23 silly get     vary: 'Accept-Encoding' } ]
24 verbose etag https://registry.npmjs.org/bcrypt from cache
25 verbose get saving bcrypt to C:\Users\Administrator\AppData\Local\.meteor\packages\meteor-tool\1.4.2\mt-os.windows.x86_32\dev_bundle\.npm\registry.npmjs.org\bcrypt\.cache.json
26 verbose correctMkdir C:\Users\Administrator\AppData\Local\.meteor\packages\meteor-tool\1.4.2\mt-os.windows.x86_32\dev_bundle\.npm correctMkdir not in flight; initializing
27 silly install normalizeTree
28 silly loadCurrentTree Finishing
29 silly loadIdealTree Starting
30 silly install loadIdealTree
31 silly cloneCurrentTree Starting
32 silly install cloneCurrentTreeToIdealTree
33 silly cloneCurrentTree Finishing
34 silly loadShrinkwrap Starting
35 silly install loadShrinkwrap
36 silly loadShrinkwrap Finishing
37 silly loadAllDepsIntoIdealTree Starting
38 silly install loadAllDepsIntoIdealTree
39 silly resolveWithNewModule bcrypt@0.8.7 checking installable status
40 silly cache add args [ 'bcrypt', null ]
41 verbose cache add spec bcrypt
42 silly cache add parsed spec Result {
42 silly cache add   raw: 'bcrypt',
42 silly cache add   scope: null,
42 silly cache add   escapedName: 'bcrypt',
42 silly cache add   name: 'bcrypt',
42 silly cache add   rawSpec: '',
42 silly cache add   spec: 'latest',
42 silly cache add   type: 'tag' }
43 silly addNamed bcrypt@latest
44 verbose addNamed "latest" is being treated as a dist-tag for bcrypt
45 info addNameTag [ 'bcrypt', 'latest' ]
46 silly mapToRegistry name bcrypt
47 silly mapToRegistry using default registry
48 silly mapToRegistry registry https://registry.npmjs.org/
49 silly mapToRegistry data Result {
49 silly mapToRegistry   raw: 'bcrypt',
49 silly mapToRegistry   scope: null,
49 silly mapToRegistry   escapedName: 'bcrypt',
49 silly mapToRegistry   name: 'bcrypt',
49 silly mapToRegistry   rawSpec: '',
49 silly mapToRegistry   spec: 'latest',
49 silly mapToRegistry   type: 'tag' }
50 silly mapToRegistry uri https://registry.npmjs.org/bcrypt
51 verbose addNameTag registry:https://registry.npmjs.org/bcrypt not in flight; fetching
52 verbose get https://registry.npmjs.org/bcrypt not expired, no request
53 silly addNameTag next cb for bcrypt with tag latest
54 silly addNamed bcrypt@0.8.7
55 verbose addNamed "0.8.7" is a plain semver version for bcrypt
56 silly cache afterAdd bcrypt@0.8.7
57 verbose afterAdd C:\Users\Administrator\AppData\Local\.meteor\packages\meteor-tool\1.4.2\mt-os.windows.x86_32\dev_bundle\.npm\bcrypt\0.8.7\package\package.json not in flight; writing
58 verbose correctMkdir C:\Users\Administrator\AppData\Local\.meteor\packages\meteor-tool\1.4.2\mt-os.windows.x86_32\dev_bundle\.npm correctMkdir not in flight; initializing
59 verbose afterAdd C:\Users\Administrator\AppData\Local\.meteor\packages\meteor-tool\1.4.2\mt-os.windows.x86_32\dev_bundle\.npm\bcrypt\0.8.7\package\package.json written
60 silly fetchNamedPackageData bindings
61 silly mapToRegistry name bindings
62 silly mapToRegistry using default registry
63 silly mapToRegistry registry https://registry.npmjs.org/
64 silly mapToRegistry data Result {
64 silly mapToRegistry   raw: 'bindings',
64 silly mapToRegistry   scope: null,
64 silly mapToRegistry   escapedName: 'bindings',
64 silly mapToRegistry   name: 'bindings',
64 silly mapToRegistry   rawSpec: '',
64 silly mapToRegistry   spec: 'latest',
64 silly mapToRegistry   type: 'tag' }
65 silly mapToRegistry uri https://registry.npmjs.org/bindings
66 silly fetchNamedPackageData nan
67 silly mapToRegistry name nan
68 silly mapToRegistry using default registry
69 silly mapToRegistry registry https://registry.npmjs.org/
70 silly mapToRegistry data Result {
70 silly mapToRegistry   raw: 'nan',
70 silly mapToRegistry   scope: null,
70 silly mapToRegistry   escapedName: 'nan',
70 silly mapToRegistry   name: 'nan',
70 silly mapToRegistry   rawSpec: '',
70 silly mapToRegistry   spec: 'latest',
70 silly mapToRegistry   type: 'tag' }
71 silly mapToRegistry uri https://registry.npmjs.org/nan
72 verbose request uri https://registry.npmjs.org/bindings
73 verbose request no auth needed
74 info attempt registry request try #1 at 12:00:41 AM
75 verbose etag W/"580645d3-46f7"
76 verbose lastModified Tue, 18 Oct 2016 15:54:59 GMT
77 http request GET https://registry.npmjs.org/bindings
78 verbose request uri https://registry.npmjs.org/nan
79 verbose request no auth needed
80 info attempt registry request try #1 at 12:00:41 AM
81 verbose etag W/"5818d749-1ce1e"
82 verbose lastModified Tue, 01 Nov 2016 17:56:25 GMT
83 http request GET https://registry.npmjs.org/nan
84 http 304 https://registry.npmjs.org/bindings
85 verbose headers { date: 'Mon, 14 Nov 2016 08:01:42 GMT',
85 verbose headers   via: '1.1 varnish',
85 verbose headers   'cache-control': 'max-age=300',
85 verbose headers   etag: 'W/"580645d3-46f7"',
85 verbose headers   age: '175',
85 verbose headers   connection: 'close',
85 verbose headers   'x-served-by': 'cache-cdg8733-CDG',
85 verbose headers   'x-cache': 'HIT',
85 verbose headers   'x-cache-hits': '3',
85 verbose headers   'x-timer': 'S1479110502.522905,VS0,VE0',
85 verbose headers   vary: 'Accept-Encoding' }
86 silly get cb [ 304,
86 silly get   { date: 'Mon, 14 Nov 2016 08:01:42 GMT',
86 silly get     via: '1.1 varnish',
86 silly get     'cache-control': 'max-age=300',
86 silly get     etag: 'W/"580645d3-46f7"',
86 silly get     age: '175',
86 silly get     connection: 'close',
86 silly get     'x-served-by': 'cache-cdg8733-CDG',
86 silly get     'x-cache': 'HIT',
86 silly get     'x-cache-hits': '3',
86 silly get     'x-timer': 'S1479110502.522905,VS0,VE0',
86 silly get     vary: 'Accept-Encoding' } ]
87 verbose etag https://registry.npmjs.org/bindings from cache
88 verbose get saving bindings to C:\Users\Administrator\AppData\Local\.meteor\packages\meteor-tool\1.4.2\mt-os.windows.x86_32\dev_bundle\.npm\registry.npmjs.org\bindings\.cache.json
89 verbose correctMkdir C:\Users\Administrator\AppData\Local\.meteor\packages\meteor-tool\1.4.2\mt-os.windows.x86_32\dev_bundle\.npm correctMkdir not in flight; initializing
90 http 304 https://registry.npmjs.org/nan
91 verbose headers { date: 'Mon, 14 Nov 2016 08:01:42 GMT',
91 verbose headers   via: '1.1 varnish',
91 verbose headers   'cache-control': 'max-age=300',
91 verbose headers   etag: 'W/"5818d749-1ce1e"',
91 verbose headers   age: '17',
91 verbose headers   connection: 'close',
91 verbose headers   'x-served-by': 'cache-cdg8730-CDG',
91 verbose headers   'x-cache': 'HIT',
91 verbose headers   'x-cache-hits': '2',
91 verbose headers   'x-timer': 'S1479110502.533621,VS0,VE0',
91 verbose headers   vary: 'Accept-Encoding' }
92 silly get cb [ 304,
92 silly get   { date: 'Mon, 14 Nov 2016 08:01:42 GMT',
92 silly get     via: '1.1 varnish',
92 silly get     'cache-control': 'max-age=300',
92 silly get     etag: 'W/"5818d749-1ce1e"',
92 silly get     age: '17',
92 silly get     connection: 'close',
92 silly get     'x-served-by': 'cache-cdg8730-CDG',
92 silly get     'x-cache': 'HIT',
92 silly get     'x-cache-hits': '2',
92 silly get     'x-timer': 'S1479110502.533621,VS0,VE0',
92 silly get     vary: 'Accept-Encoding' } ]
93 verbose etag https://registry.npmjs.org/nan from cache
94 verbose get saving nan to C:\Users\Administrator\AppData\Local\.meteor\packages\meteor-tool\1.4.2\mt-os.windows.x86_32\dev_bundle\.npm\registry.npmjs.org\nan\.cache.json
95 verbose correctMkdir C:\Users\Administrator\AppData\Local\.meteor\packages\meteor-tool\1.4.2\mt-os.windows.x86_32\dev_bundle\.npm correctMkdir not in flight; initializing
96 silly resolveWithNewModule bindings@1.2.1 checking installable status
97 silly cache add args [ 'bindings@1.2.1', null ]
98 verbose cache add spec bindings@1.2.1
99 silly cache add parsed spec Result {
99 silly cache add   raw: 'bindings@1.2.1',
99 silly cache add   scope: null,
99 silly cache add   escapedName: 'bindings',
99 silly cache add   name: 'bindings',
99 silly cache add   rawSpec: '1.2.1',
99 silly cache add   spec: '1.2.1',
99 silly cache add   type: 'version' }
100 silly addNamed bindings@1.2.1
101 verbose addNamed "1.2.1" is a plain semver version for bindings
102 silly mapToRegistry name bindings
103 silly mapToRegistry using default registry
104 silly mapToRegistry registry https://registry.npmjs.org/
105 silly mapToRegistry data Result {
105 silly mapToRegistry   raw: 'bindings',
105 silly mapToRegistry   scope: null,
105 silly mapToRegistry   escapedName: 'bindings',
105 silly mapToRegistry   name: 'bindings',
105 silly mapToRegistry   rawSpec: '',
105 silly mapToRegistry   spec: 'latest',
105 silly mapToRegistry   type: 'tag' }
106 silly mapToRegistry uri https://registry.npmjs.org/bindings
107 verbose addNameVersion registry:https://registry.npmjs.org/bindings not in flight; fetching
108 verbose get https://registry.npmjs.org/bindings not expired, no request
109 silly resolveWithNewModule nan@2.3.5 checking installable status
110 silly cache add args [ 'nan@2.3.5', null ]
111 verbose cache add spec nan@2.3.5
112 silly cache add parsed spec Result {
112 silly cache add   raw: 'nan@2.3.5',
112 silly cache add   scope: null,
112 silly cache add   escapedName: 'nan',
112 silly cache add   name: 'nan',
112 silly cache add   rawSpec: '2.3.5',
112 silly cache add   spec: '2.3.5',
112 silly cache add   type: 'version' }
113 silly addNamed nan@2.3.5
114 verbose addNamed "2.3.5" is a plain semver version for nan
115 silly mapToRegistry name nan
116 silly mapToRegistry using default registry
117 silly mapToRegistry registry https://registry.npmjs.org/
118 silly mapToRegistry data Result {
118 silly mapToRegistry   raw: 'nan',
118 silly mapToRegistry   scope: null,
118 silly mapToRegistry   escapedName: 'nan',
118 silly mapToRegistry   name: 'nan',
118 silly mapToRegistry   rawSpec: '',
118 silly mapToRegistry   spec: 'latest',
118 silly mapToRegistry   type: 'tag' }
119 silly mapToRegistry uri https://registry.npmjs.org/nan
120 verbose addNameVersion registry:https://registry.npmjs.org/nan not in flight; fetching
121 silly cache afterAdd bindings@1.2.1
122 verbose afterAdd C:\Users\Administrator\AppData\Local\.meteor\packages\meteor-tool\1.4.2\mt-os.windows.x86_32\dev_bundle\.npm\bindings\1.2.1\package\package.json not in flight; writing
123 verbose correctMkdir C:\Users\Administrator\AppData\Local\.meteor\packages\meteor-tool\1.4.2\mt-os.windows.x86_32\dev_bundle\.npm correctMkdir not in flight; initializing
124 verbose get https://registry.npmjs.org/nan not expired, no request
125 silly cache afterAdd nan@2.3.5
126 verbose afterAdd C:\Users\Administrator\AppData\Local\.meteor\packages\meteor-tool\1.4.2\mt-os.windows.x86_32\dev_bundle\.npm\nan\2.3.5\package\package.json not in flight; writing
127 verbose correctMkdir C:\Users\Administrator\AppData\Local\.meteor\packages\meteor-tool\1.4.2\mt-os.windows.x86_32\dev_bundle\.npm correctMkdir not in flight; initializing
128 verbose afterAdd C:\Users\Administrator\AppData\Local\.meteor\packages\meteor-tool\1.4.2\mt-os.windows.x86_32\dev_bundle\.npm\bindings\1.2.1\package\package.json written
129 verbose afterAdd C:\Users\Administrator\AppData\Local\.meteor\packages\meteor-tool\1.4.2\mt-os.windows.x86_32\dev_bundle\.npm\nan\2.3.5\package\package.json written
130 silly loadAllDepsIntoIdealTree Finishing
131 silly loadIdealTree Finishing
132 silly currentTree Apptitude-test-master (1)
133 silly idealTree Apptitude-test-master (1)
133 silly idealTree +-- bcrypt@0.8.7
133 silly idealTree +-- bindings@1.2.1
133 silly idealTree `-- nan@2.3.5
134 silly generateActionsToTake Starting
135 silly install generateActionsToTake
136 silly generateActionsToTake Finishing
137 silly diffTrees action count 3
138 silly diffTrees add bindings@1.2.1
139 silly diffTrees add nan@2.3.5
140 silly diffTrees add bcrypt@0.8.7
141 silly decomposeActions action count 24
142 silly decomposeActions fetch bindings@1.2.1
143 silly decomposeActions extract bindings@1.2.1
144 silly decomposeActions test bindings@1.2.1
145 silly decomposeActions preinstall bindings@1.2.1
146 silly decomposeActions build bindings@1.2.1
147 silly decomposeActions install bindings@1.2.1
148 silly decomposeActions postinstall bindings@1.2.1
149 silly decomposeActions finalize bindings@1.2.1
150 silly decomposeActions fetch nan@2.3.5
151 silly decomposeActions extract nan@2.3.5
152 silly decomposeActions test nan@2.3.5
153 silly decomposeActions preinstall nan@2.3.5
154 silly decomposeActions build nan@2.3.5
155 silly decomposeActions install nan@2.3.5
156 silly decomposeActions postinstall nan@2.3.5
157 silly decomposeActions finalize nan@2.3.5
158 silly decomposeActions fetch bcrypt@0.8.7
159 silly decomposeActions extract bcrypt@0.8.7
160 silly decomposeActions test bcrypt@0.8.7
161 silly decomposeActions preinstall bcrypt@0.8.7
162 silly decomposeActions build bcrypt@0.8.7
163 silly decomposeActions install bcrypt@0.8.7
164 silly decomposeActions postinstall bcrypt@0.8.7
165 silly decomposeActions finalize bcrypt@0.8.7
166 silly runTopLevelLifecycles Starting
167 silly executeActions Starting
168 silly install executeActions
169 silly doSerial global-install 0
170 silly doParallel fetch 3
171 verbose correctMkdir C:\Users\Administrator\AppData\Local\.meteor\packages\meteor-tool\1.4.2\mt-os.windows.x86_32\dev_bundle\.npm\_locks correctMkdir not in flight; initializing
172 verbose lock using C:\Users\Administrator\AppData\Local\.meteor\packages\meteor-tool\1.4.2\mt-os.windows.x86_32\dev_bundle\.npm\_locks\staging-0add8a5bf49aa9fe.lock for C:\Meteor\Apptitude Master\Apptitude-test-master (1)\node_modules\.staging
173 silly doParallel extract 3
174 silly extract bindings@1.2.1
175 silly extract nan@2.3.5
176 silly extract bcrypt@0.8.7
177 verbose unbuild node_modules\.staging\bindings-91af3888
178 verbose unbuild node_modules\.staging\nan-dfc255fd
179 verbose unbuild node_modules\.staging\bcrypt-08132936
180 silly gentlyRm C:\Meteor\Apptitude Master\Apptitude-test-master (1)\node_modules\.staging\bindings-91af3888 is being purged from base C:\Meteor\Apptitude Master\Apptitude-test-master (1)
181 verbose gentlyRm don't care about contents; nuking C:\Meteor\Apptitude Master\Apptitude-test-master (1)\node_modules\.staging\bindings-91af3888
182 silly gentlyRm C:\Meteor\Apptitude Master\Apptitude-test-master (1)\node_modules\.staging\nan-dfc255fd is being purged from base C:\Meteor\Apptitude Master\Apptitude-test-master (1)
183 verbose gentlyRm don't care about contents; nuking C:\Meteor\Apptitude Master\Apptitude-test-master (1)\node_modules\.staging\nan-dfc255fd
184 silly gentlyRm C:\Meteor\Apptitude Master\Apptitude-test-master (1)\node_modules\.staging\bcrypt-08132936 is being purged from base C:\Meteor\Apptitude Master\Apptitude-test-master (1)
185 verbose gentlyRm don't care about contents; nuking C:\Meteor\Apptitude Master\Apptitude-test-master (1)\node_modules\.staging\bcrypt-08132936
186 verbose tar unpack C:\Users\Administrator\AppData\Local\.meteor\packages\meteor-tool\1.4.2\mt-os.windows.x86_32\dev_bundle\.npm\bindings\1.2.1\package.tgz
187 verbose tar unpacking to C:\Meteor\Apptitude Master\Apptitude-test-master (1)\node_modules\.staging\bindings-91af3888
188 silly gentlyRm C:\Meteor\Apptitude Master\Apptitude-test-master (1)\node_modules\.staging\bindings-91af3888 is being purged
189 verbose gentlyRm don't care about contents; nuking C:\Meteor\Apptitude Master\Apptitude-test-master (1)\node_modules\.staging\bindings-91af3888
190 verbose tar unpack C:\Users\Administrator\AppData\Local\.meteor\packages\meteor-tool\1.4.2\mt-os.windows.x86_32\dev_bundle\.npm\nan\2.3.5\package.tgz
191 verbose tar unpacking to C:\Meteor\Apptitude Master\Apptitude-test-master (1)\node_modules\.staging\nan-dfc255fd
192 silly gentlyRm C:\Meteor\Apptitude Master\Apptitude-test-master (1)\node_modules\.staging\nan-dfc255fd is being purged
193 verbose gentlyRm don't care about contents; nuking C:\Meteor\Apptitude Master\Apptitude-test-master (1)\node_modules\.staging\nan-dfc255fd
194 verbose tar unpack C:\Users\Administrator\AppData\Local\.meteor\packages\meteor-tool\1.4.2\mt-os.windows.x86_32\dev_bundle\.npm\bcrypt\0.8.7\package.tgz
195 verbose tar unpacking to C:\Meteor\Apptitude Master\Apptitude-test-master (1)\node_modules\.staging\bcrypt-08132936
196 silly gentlyRm C:\Meteor\Apptitude Master\Apptitude-test-master (1)\node_modules\.staging\bcrypt-08132936 is being purged
197 verbose gentlyRm don't care about contents; nuking C:\Meteor\Apptitude Master\Apptitude-test-master (1)\node_modules\.staging\bcrypt-08132936
198 silly gunzTarPerm modes [ '777', '666' ]
199 silly gunzTarPerm modes [ '777', '666' ]
200 silly gunzTarPerm modes [ '777', '666' ]
201 silly gunzTarPerm extractEntry package.json
202 silly gunzTarPerm modified mode [ 'package.json', 420, 438 ]
203 silly gunzTarPerm extractEntry package.json
204 silly gunzTarPerm modified mode [ 'package.json', 436, 438 ]
205 silly gunzTarPerm extractEntry package.json
206 silly gunzTarPerm modified mode [ 'package.json', 420, 438 ]
207 silly gunzTarPerm extractEntry README.md
208 silly gunzTarPerm modified mode [ 'README.md', 420, 438 ]
209 silly gunzTarPerm extractEntry bindings.js
210 silly gunzTarPerm modified mode [ 'bindings.js', 420, 438 ]
211 silly gunzTarPerm extractEntry README.md
212 silly gunzTarPerm modified mode [ 'README.md', 436, 438 ]
213 silly gunzTarPerm extractEntry include_dirs.js
214 silly gunzTarPerm modified mode [ 'include_dirs.js', 436, 438 ]
215 silly gunzTarPerm extractEntry .npmignore
216 silly gunzTarPerm modified mode [ '.npmignore', 420, 438 ]
217 silly gunzTarPerm extractEntry README.md
218 silly gunzTarPerm modified mode [ 'README.md', 420, 438 ]
219 silly gunzTarPerm extractEntry nan_converters.h
220 silly gunzTarPerm modified mode [ 'nan_converters.h', 436, 438 ]
221 silly gunzTarPerm extractEntry LICENSE.md
222 silly gunzTarPerm modified mode [ 'LICENSE.md', 436, 438 ]
223 silly gunzTarPerm extractEntry doc/node_misc.md
224 silly gunzTarPerm modified mode [ 'doc/node_misc.md', 436, 438 ]
225 silly gunzTarPerm extractEntry LICENSE
226 silly gunzTarPerm modified mode [ 'LICENSE', 420, 438 ]
227 silly gunzTarPerm extractEntry bcrypt.js
228 silly gunzTarPerm modified mode [ 'bcrypt.js', 420, 438 ]
229 silly gunzTarPerm extractEntry Makefile
230 silly gunzTarPerm modified mode [ 'Makefile', 420, 438 ]
231 silly gunzTarPerm extractEntry .travis.yml
232 silly gunzTarPerm modified mode [ '.travis.yml', 420, 438 ]
233 silly gunzTarPerm extractEntry CHANGELOG.md
234 silly gunzTarPerm modified mode [ 'CHANGELOG.md', 420, 438 ]
235 silly gunzTarPerm extractEntry binding.gyp
236 silly gunzTarPerm modified mode [ 'binding.gyp', 420, 438 ]
237 silly gunzTarPerm extractEntry examples/async_compare.js
238 silly gunzTarPerm modified mode [ 'examples/async_compare.js', 420, 438 ]
239 silly gunzTarPerm extractEntry examples/forever_gen_salt.js
240 silly gunzTarPerm modified mode [ 'examples/forever_gen_salt.js', 420, 438 ]
241 silly gunzTarPerm extractEntry test/async.js
242 silly gunzTarPerm modified mode [ 'test/async.js', 420, 438 ]
243 silly gunzTarPerm extractEntry test/repetitions.js
244 silly gunzTarPerm modified mode [ 'test/repetitions.js', 420, 438 ]
245 silly gunzTarPerm extractEntry test/sync.js
246 silly gunzTarPerm modified mode [ 'test/sync.js', 420, 438 ]
247 silly gunzTarPerm extractEntry ISSUE_TEMPLATE.md
248 silly gunzTarPerm modified mode [ 'ISSUE_TEMPLATE.md', 420, 438 ]
249 silly gunzTarPerm extractEntry src/bcrypt.cc
250 silly gunzTarPerm modified mode [ 'src/bcrypt.cc', 420, 438 ]
251 silly gunzTarPerm extractEntry src/bcrypt_node.cc
252 silly gunzTarPerm modified mode [ 'src/bcrypt_node.cc', 420, 438 ]
253 silly gunzTarPerm extractEntry src/blowfish.cc
254 silly gunzTarPerm modified mode [ 'src/blowfish.cc', 420, 438 ]
255 silly gunzTarPerm extractEntry src/node_blf.h
256 silly gunzTarPerm modified mode [ 'src/node_blf.h', 420, 438 ]
257 silly gunzTarPerm extractEntry werker.yml
258 silly gunzTarPerm modified mode [ 'werker.yml', 420, 438 ]
259 silly gunzTarPerm extractEntry doc/asyncworker.md
260 silly gunzTarPerm modified mode [ 'doc/asyncworker.md', 436, 438 ]
261 silly gunzTarPerm extractEntry doc/callback.md
262 silly gunzTarPerm modified mode [ 'doc/callback.md', 436, 438 ]
263 silly gunzTarPerm extractEntry doc/converters.md
264 silly gunzTarPerm modified mode [ 'doc/converters.md', 436, 438 ]
265 silly gunzTarPerm extractEntry doc/errors.md
266 silly gunzTarPerm modified mode [ 'doc/errors.md', 436, 438 ]
267 silly gunzTarPerm extractEntry doc/maybe_types.md
268 silly gunzTarPerm modified mode [ 'doc/maybe_types.md', 436, 438 ]
269 silly gunzTarPerm extractEntry doc/methods.md
270 silly gunzTarPerm modified mode [ 'doc/methods.md', 436, 438 ]
271 silly gunzTarPerm extractEntry doc/new.md
272 silly gunzTarPerm modified mode [ 'doc/new.md', 436, 438 ]
273 silly gentlyRm C:\Meteor\Apptitude Master\Apptitude-test-master (1)\node_modules\.staging\bindings-91af3888\node_modules is being purged
274 verbose gentlyRm don't care about contents; nuking C:\Meteor\Apptitude Master\Apptitude-test-master (1)\node_modules\.staging\bindings-91af3888\node_modules
275 silly gunzTarPerm extractEntry doc/buffers.md
276 silly gunzTarPerm modified mode [ 'doc/buffers.md', 436, 438 ]
277 silly gunzTarPerm extractEntry doc/object_wrappers.md
278 silly gunzTarPerm modified mode [ 'doc/object_wrappers.md', 436, 438 ]
279 silly gunzTarPerm extractEntry doc/persistent.md
280 silly gunzTarPerm modified mode [ 'doc/persistent.md', 436, 438 ]
281 silly gunzTarPerm extractEntry doc/scopes.md
282 silly gunzTarPerm modified mode [ 'doc/scopes.md', 436, 438 ]
283 silly gunzTarPerm extractEntry doc/script.md
284 silly gunzTarPerm modified mode [ 'doc/script.md', 436, 438 ]
285 silly gunzTarPerm extractEntry doc/string_bytes.md
286 silly gunzTarPerm modified mode [ 'doc/string_bytes.md', 436, 438 ]
287 silly gunzTarPerm extractEntry doc/v8_internals.md
288 silly gunzTarPerm modified mode [ 'doc/v8_internals.md', 436, 438 ]
289 silly gunzTarPerm extractEntry doc/v8_misc.md
290 silly gunzTarPerm modified mode [ 'doc/v8_misc.md', 436, 438 ]
291 silly gunzTarPerm extractEntry nan.h
292 silly gunzTarPerm modified mode [ 'nan.h', 436, 438 ]
293 silly gunzTarPerm extractEntry nan_callbacks.h
294 silly gunzTarPerm modified mode [ 'nan_callbacks.h', 436, 438 ]
295 silly gunzTarPerm extractEntry nan_callbacks_12_inl.h
296 silly gunzTarPerm modified mode [ 'nan_callbacks_12_inl.h', 436, 438 ]
297 silly gunzTarPerm extractEntry nan_callbacks_pre_12_inl.h
298 silly gunzTarPerm modified mode [ 'nan_callbacks_pre_12_inl.h', 436, 438 ]
299 silly gunzTarPerm extractEntry nan_converters_43_inl.h
300 silly gunzTarPerm modified mode [ 'nan_converters_43_inl.h', 436, 438 ]
301 silly gunzTarPerm extractEntry nan_converters_pre_43_inl.h
302 silly gunzTarPerm modified mode [ 'nan_converters_pre_43_inl.h', 436, 438 ]
303 silly gunzTarPerm extractEntry nan_implementation_12_inl.h
304 silly gunzTarPerm modified mode [ 'nan_implementation_12_inl.h', 436, 438 ]
305 silly gunzTarPerm extractEntry nan_implementation_pre_12_inl.h
306 silly gunzTarPerm modified mode [ 'nan_implementation_pre_12_inl.h', 436, 438 ]
307 silly gunzTarPerm extractEntry nan_maybe_43_inl.h
308 silly gunzTarPerm modified mode [ 'nan_maybe_43_inl.h', 436, 438 ]
309 silly gunzTarPerm extractEntry nan_maybe_pre_43_inl.h
310 silly gunzTarPerm modified mode [ 'nan_maybe_pre_43_inl.h', 436, 438 ]
311 silly gunzTarPerm extractEntry nan_new.h
312 silly gunzTarPerm modified mode [ 'nan_new.h', 436, 438 ]
313 silly gunzTarPerm extractEntry nan_object_wrap.h
314 silly gunzTarPerm modified mode [ 'nan_object_wrap.h', 436, 438 ]
315 silly gunzTarPerm extractEntry nan_persistent_12_inl.h
316 silly gunzTarPerm modified mode [ 'nan_persistent_12_inl.h', 436, 438 ]
317 silly gunzTarPerm extractEntry nan_persistent_pre_12_inl.h
318 silly gunzTarPerm modified mode [ 'nan_persistent_pre_12_inl.h', 436, 438 ]
319 silly gunzTarPerm extractEntry nan_string_bytes.h
320 silly gunzTarPerm modified mode [ 'nan_string_bytes.h', 436, 438 ]
321 silly gunzTarPerm extractEntry nan_typedarray_contents.h
322 silly gunzTarPerm modified mode [ 'nan_typedarray_contents.h', 436, 438 ]
323 silly gunzTarPerm extractEntry nan_weak.h
324 silly gunzTarPerm modified mode [ 'nan_weak.h', 436, 438 ]
325 silly gunzTarPerm extractEntry CHANGELOG.md
326 silly gunzTarPerm modified mode [ 'CHANGELOG.md', 436, 438 ]
327 silly gunzTarPerm extractEntry tools/package.json
328 silly gunzTarPerm modified mode [ 'tools/package.json', 436, 438 ]
329 silly gunzTarPerm extractEntry tools/README.md
330 silly gunzTarPerm modified mode [ 'tools/README.md', 436, 438 ]
331 silly gunzTarPerm extractEntry tools/1to2.js
332 silly gunzTarPerm modified mode [ 'tools/1to2.js', 509, 511 ]
333 silly gentlyRm C:\Meteor\Apptitude Master\Apptitude-test-master (1)\node_modules\.staging\bcrypt-08132936\node_modules is being purged
334 verbose gentlyRm don't care about contents; nuking C:\Meteor\Apptitude Master\Apptitude-test-master (1)\node_modules\.staging\bcrypt-08132936\node_modules
335 silly gentlyRm C:\Meteor\Apptitude Master\Apptitude-test-master (1)\node_modules\.staging\nan-dfc255fd\node_modules is being purged
336 verbose gentlyRm don't care about contents; nuking C:\Meteor\Apptitude Master\Apptitude-test-master (1)\node_modules\.staging\nan-dfc255fd\node_modules
337 silly doParallel preinstall 3
338 silly preinstall bindings@1.2.1 C:\Meteor\Apptitude Master\Apptitude-test-master (1)\node_modules\.staging\bindings-91af3888
339 info lifecycle bindings@1.2.1~preinstall: bindings@1.2.1
340 silly preinstall nan@2.3.5 C:\Meteor\Apptitude Master\Apptitude-test-master (1)\node_modules\.staging\nan-dfc255fd
341 info lifecycle nan@2.3.5~preinstall: nan@2.3.5
342 silly preinstall bcrypt@0.8.7 C:\Meteor\Apptitude Master\Apptitude-test-master (1)\node_modules\.staging\bcrypt-08132936
343 info lifecycle bcrypt@0.8.7~preinstall: bcrypt@0.8.7
344 silly lifecycle bindings@1.2.1~preinstall: no script for preinstall, continuing
345 silly lifecycle nan@2.3.5~preinstall: no script for preinstall, continuing
346 silly lifecycle bcrypt@0.8.7~preinstall: no script for preinstall, continuing
347 silly doReverseSerial remove 0
348 silly doSerial move 0
349 silly doSerial finalize 3
350 silly finalize C:\Meteor\Apptitude Master\Apptitude-test-master (1)\node_modules\bindings
351 silly finalize C:\Meteor\Apptitude Master\Apptitude-test-master (1)\node_modules\nan
352 silly finalize C:\Meteor\Apptitude Master\Apptitude-test-master (1)\node_modules\bcrypt
353 silly doSerial build 3
354 silly build bindings@1.2.1
355 info linkStuff bindings@1.2.1
356 silly linkStuff bindings@1.2.1 has C:\Meteor\Apptitude Master\Apptitude-test-master (1)\node_modules as its parent node_modules
357 verbose linkBins bindings@1.2.1
358 verbose linkMans bindings@1.2.1
359 silly build nan@2.3.5
360 info linkStuff nan@2.3.5
361 silly linkStuff nan@2.3.5 has C:\Meteor\Apptitude Master\Apptitude-test-master (1)\node_modules as its parent node_modules
362 verbose linkBins nan@2.3.5
363 verbose linkMans nan@2.3.5
364 silly build bcrypt@0.8.7
365 info linkStuff bcrypt@0.8.7
366 silly linkStuff bcrypt@0.8.7 has C:\Meteor\Apptitude Master\Apptitude-test-master (1)\node_modules as its parent node_modules
367 verbose linkBins bcrypt@0.8.7
368 verbose linkMans bcrypt@0.8.7
369 silly doSerial global-link 0
370 silly doParallel update-linked 0
371 silly doSerial install 3
372 silly install bindings@1.2.1 C:\Meteor\Apptitude Master\Apptitude-test-master (1)\node_modules\.staging\bindings-91af3888
373 info lifecycle bindings@1.2.1~install: bindings@1.2.1
374 silly lifecycle bindings@1.2.1~install: no script for install, continuing
375 silly install nan@2.3.5 C:\Meteor\Apptitude Master\Apptitude-test-master (1)\node_modules\.staging\nan-dfc255fd
376 info lifecycle nan@2.3.5~install: nan@2.3.5
377 silly lifecycle nan@2.3.5~install: no script for install, continuing
378 silly install bcrypt@0.8.7 C:\Meteor\Apptitude Master\Apptitude-test-master (1)\node_modules\.staging\bcrypt-08132936
379 info lifecycle bcrypt@0.8.7~install: bcrypt@0.8.7
380 verbose lifecycle bcrypt@0.8.7~install: unsafe-perm in lifecycle true
381 verbose lifecycle bcrypt@0.8.7~install: PATH: C:\Users\Administrator\AppData\Local\.meteor\packages\meteor-tool\1.4.2\mt-os.windows.x86_32\dev_bundle\lib\node_modules\npm\bin\node-gyp-bin;C:\Meteor\Apptitude Master\Apptitude-test-master (1)\node_modules\bcrypt\node_modules\.bin;C:\Meteor\Apptitude Master\Apptitude-test-master (1)\node_modules\.bin;C:\Users\Administrator\AppData\Local\.meteor\packages\meteor-tool\1.4.2\mt-os.windows.x86_32\dev_bundle\bin;C:\Users\Administrator\AppData\Local\.meteor\packages\meteor-tool\1.4.2\mt-os.windows.x86_32\dev_bundle\lib\node_modules\.bin;C:\Windows\system32;C:\Windows;C:\Windows\System32\Wbem;C:\Windows\System32\WindowsPowerShell\v1.0\;C:\Program Files\nodejs\;C:\Users\Administrator\AppData\Roaming\npm;C:\Users\Administrator\AppData\Local\.meteor;C:\Users\Administrator\AppData\Local\.meteor\
382 verbose lifecycle bcrypt@0.8.7~install: CWD: C:\Meteor\Apptitude Master\Apptitude-test-master (1)\node_modules\bcrypt
383 silly lifecycle bcrypt@0.8.7~install: Args: [ '/d /s /c', 'node-gyp rebuild' ]
384 silly lifecycle bcrypt@0.8.7~install: Returned: code: 1  signal: null
385 info lifecycle bcrypt@0.8.7~install: Failed to exec install script
386 verbose unlock done using C:\Users\Administrator\AppData\Local\.meteor\packages\meteor-tool\1.4.2\mt-os.windows.x86_32\dev_bundle\.npm\_locks\staging-0add8a5bf49aa9fe.lock for C:\Meteor\Apptitude Master\Apptitude-test-master (1)\node_modules\.staging
387 silly rollbackFailedOptional Starting
388 silly rollbackFailedOptional Finishing
389 silly runTopLevelLifecycles Finishing
390 silly install printInstalled
391 warn enoent ENOENT: no such file or directory, open 'C:\Meteor\Apptitude Master\Apptitude-test-master (1)\package.json'
392 verbose enoent ENOENT: no such file or directory, open 'C:\Meteor\Apptitude Master\Apptitude-test-master (1)\package.json'
392 verbose enoent This is most likely not a problem with npm itself
392 verbose enoent and is related to npm not being able to find a file.
393 warn Apptitude-test-master (1) No description
394 verbose If you need help, you may report this error at:
394 verbose     <https://github.com/npm/npm/issues>
395 warn Apptitude-test-master (1) No repository field.
396 verbose If you need help, you may report this error at:
396 verbose     <https://github.com/npm/npm/issues>
397 warn Apptitude-test-master (1) No README data
398 verbose If you need help, you may report this error at:
398 verbose     <https://github.com/npm/npm/issues>
399 warn Apptitude-test-master (1) No license field.
400 verbose If you need help, you may report this error at:
400 verbose     <https://github.com/npm/npm/issues>
401 verbose stack Error: bcrypt@0.8.7 install: `node-gyp rebuild`
401 verbose stack Exit status 1
401 verbose stack     at EventEmitter.<anonymous> (C:\Users\Administrator\AppData\Local\.meteor\packages\meteor-tool\1.4.2\mt-os.windows.x86_32\dev_bundle\lib\node_modules\npm\lib\utils\lifecycle.js:255:16)
401 verbose stack     at emitTwo (events.js:87:13)
401 verbose stack     at EventEmitter.emit (events.js:172:7)
401 verbose stack     at ChildProcess.<anonymous> (C:\Users\Administrator\AppData\Local\.meteor\packages\meteor-tool\1.4.2\mt-os.windows.x86_32\dev_bundle\lib\node_modules\npm\lib\utils\spawn.js:40:14)
401 verbose stack     at emitTwo (events.js:87:13)
401 verbose stack     at ChildProcess.emit (events.js:172:7)
401 verbose stack     at maybeClose (internal/child_process.js:829:16)
401 verbose stack     at Process.ChildProcess._handle.onexit (internal/child_process.js:211:5)
402 verbose pkgid bcrypt@0.8.7
403 verbose cwd C:\Meteor\Apptitude Master\Apptitude-test-master (1)
404 error Windows_NT 6.1.7600
405 error argv "C:\\Users\\Administrator\\AppData\\Local\\.meteor\\packages\\meteor-tool\\1.4.2\\mt-os.windows.x86_32\\dev_bundle\\bin\\node.exe" "C:\\Users\\Administrator\\AppData\\Local\\.meteor\\packages\\meteor-tool\\1.4.2\\mt-os.windows.x86_32\\dev_bundle\\lib\\node_modules\\npm\\bin\\npm-cli.js" "install" "--save" "bcrypt"
406 error node v4.6.1
407 error npm  v3.10.9
408 error code ELIFECYCLE
409 error bcrypt@0.8.7 install: `node-gyp rebuild`
409 error Exit status 1
410 error Failed at the bcrypt@0.8.7 install script 'node-gyp rebuild'.
410 error Make sure you have the latest version of node.js and npm installed.
410 error If you do, this is most likely a problem with the bcrypt package,
410 error not with npm itself.
410 error Tell the author that this fails on your system:
410 error     node-gyp rebuild
410 error You can get information on how to open an issue for this project with:
410 error     npm bugs bcrypt
410 error Or if that isn't available, you can get their info via:
410 error     npm owner ls bcrypt
410 error There is likely additional logging output above.
411 verbose exit [ 1, true ]
